<?xml version="1.0" encoding="utf-8"?><testsuites name="pytest tests"><testsuite name="pytest" errors="0" failures="0" skipped="0" tests="22" time="5.162" timestamp="2026-03-19T15:46:43.115851+00:00" hostname="agent-env-4502e1ef-2ce5-4d8a-8a00-7ad00d1792c8"><testcase classname="backend.tests.test_admin_delete_security.TestSecurityHeaders" name="test_security_headers_on_health" time="0.189" /><testcase classname="backend.tests.test_admin_delete_security.TestSecurityHeaders" name="test_security_headers_on_admin_endpoint" time="0.508" /><testcase classname="backend.tests.test_admin_delete_security.TestXSSSanitization" name="test_xss_in_registration_name" time="0.620" /><testcase classname="backend.tests.test_admin_delete_security.TestAuthBypass" name="test_unauthenticated_dashboard_returns_401" time="0.121" /><testcase classname="backend.tests.test_admin_delete_security.TestAuthBypass" name="test_unauthenticated_users_returns_401" time="0.120" /><testcase classname="backend.tests.test_admin_delete_security.TestAuthBypass" name="test_unauthenticated_generations_returns_401" time="0.134" /><testcase classname="backend.tests.test_admin_delete_security.TestAuthBypass" name="test_unauthenticated_transactions_returns_401" time="0.100" /><testcase classname="backend.tests.test_admin_delete_security.TestAuthBypass" name="test_unauthenticated_delete_user_returns_401" time="0.112" /><testcase classname="backend.tests.test_admin_delete_security.TestAuthBypass" name="test_unauthenticated_delete_ai_key_returns_401" time="0.106" /><testcase classname="backend.tests.test_admin_delete_security.TestAdminDeleteUser" name="test_delete_user_and_related_data" time="0.558" /><testcase classname="backend.tests.test_admin_delete_security.TestAdminDeleteUser" name="test_cannot_delete_super_admin" time="0.240" /><testcase classname="backend.tests.test_admin_delete_security.TestAdminDeleteUser" name="test_delete_nonexistent_user_returns_404" time="0.150" /><testcase classname="backend.tests.test_admin_delete_security.TestAdminDeleteAIKey" name="test_delete_ai_key" time="0.388" /><testcase classname="backend.tests.test_admin_delete_security.TestAdminDeleteAIKey" name="test_delete_nonexistent_ai_key_returns_404" time="0.120" /><testcase classname="backend.tests.test_admin_delete_security.TestAdminDeleteTransaction" name="test_delete_transaction" time="0.368" /><testcase classname="backend.tests.test_admin_delete_security.TestAdminDeleteTransaction" name="test_delete_nonexistent_transaction_returns_404" time="0.109" /><testcase classname="backend.tests.test_admin_delete_security.TestAdminDeleteGeneration" name="test_delete_single_generation" time="0.371" /><testcase classname="backend.tests.test_admin_delete_security.TestAdminDeleteGeneration" name="test_delete_all_generations" time="0.321" /><testcase classname="backend.tests.test_admin_delete_security.TestAdminDeleteGeneration" name="test_delete_nonexistent_generation_returns_404" time="0.109" /><testcase classname="backend.tests.test_admin_delete_security.TestAdminListEndpoints" name="test_admin_generations_list" time="0.110" /><testcase classname="backend.tests.test_admin_delete_security.TestAdminListEndpoints" name="test_admin_transactions_list" time="0.117" /><testcase classname="backend.tests.test_admin_delete_security.TestAdminListEndpoints" name="test_admin_ai_keys_list" time="0.105" /></testsuite></testsuites>