<?xml version="1.0" encoding="utf-8"?><testsuites name="pytest tests"><testsuite name="pytest" errors="0" failures="0" skipped="0" tests="18" time="34.805" timestamp="2026-03-09T12:16:35.168739+00:00" hostname="agent-env-4897bca8-d996-485d-b4e6-04d9e98918eb"><testcase classname="backend.tests.test_ai_keys.TestAIProviders" name="test_get_providers_returns_all_providers" time="0.144" /><testcase classname="backend.tests.test_ai_keys.TestAIProviders" name="test_gemini_provider_has_correct_models" time="0.059" /><testcase classname="backend.tests.test_ai_keys.TestAIProviders" name="test_kimi_provider_has_correct_models" time="0.054" /><testcase classname="backend.tests.test_ai_keys.TestAIProviders" name="test_openai_provider_has_correct_models" time="0.060" /><testcase classname="backend.tests.test_ai_keys.TestAdminAIKeys" name="test_get_ai_keys_requires_auth" time="0.113" /><testcase classname="backend.tests.test_ai_keys.TestAdminAIKeys" name="test_get_ai_keys_returns_list" time="0.340" /><testcase classname="backend.tests.test_ai_keys.TestAdminAIKeys" name="test_ai_keys_are_masked" time="0.087" /><testcase classname="backend.tests.test_ai_keys.TestAdminAIKeys" name="test_ai_keys_sorted_by_priority" time="0.053" /><testcase classname="backend.tests.test_ai_keys.TestAdminCreateKey" name="test_create_key_with_valid_data" time="0.059" /><testcase classname="backend.tests.test_ai_keys.TestAdminCreateKey" name="test_create_key_validates_provider" time="0.052" /><testcase classname="backend.tests.test_ai_keys.TestAdminCreateKey" name="test_create_key_validates_model" time="0.058" /><testcase classname="backend.tests.test_ai_keys.TestAdminCreateKey" name="test_key_appears_in_list_after_creation" time="0.060" /><testcase classname="backend.tests.test_ai_keys.TestAdminUpdateKey" name="test_toggle_key_active_status" time="0.158" /><testcase classname="backend.tests.test_ai_keys.TestAdminUpdateKey" name="test_update_nonexistent_key_returns_404" time="0.052" /><testcase classname="backend.tests.test_ai_keys.TestAdminReorderKeys" name="test_reorder_keys" time="0.175" /><testcase classname="backend.tests.test_ai_keys.TestAdminDeleteKey" name="test_delete_key" time="0.106" /><testcase classname="backend.tests.test_ai_keys.TestAdminDeleteKey" name="test_delete_nonexistent_key_returns_404" time="0.052" /><testcase classname="backend.tests.test_ai_keys.TestGenerateWithFallback" name="test_generate_endpoint_works" time="33.041" /></testsuite></testsuites>