<?xml version="1.0" encoding="utf-8"?><testsuites name="pytest tests"><testsuite name="pytest" errors="0" failures="0" skipped="0" tests="9" time="4.672" timestamp="2026-03-08T13:47:11.794331+00:00" hostname="agent-env-4897bca8-d996-485d-b4e6-04d9e98918eb"><testcase classname="tests.test_bank_transfer.TestBankTransferEndpoints" name="test_get_bank_accounts" time="0.448" /><testcase classname="tests.test_bank_transfer.TestBankTransferEndpoints" name="test_create_bank_transfer_transaction" time="0.406" /><testcase classname="tests.test_bank_transfer.TestBankTransferEndpoints" name="test_get_bank_transfer_status" time="0.481" /><testcase classname="tests.test_bank_transfer.TestBankTransferEndpoints" name="test_admin_get_transactions_with_bank_transfer" time="0.439" /><testcase classname="tests.test_bank_transfer.TestBankTransferEndpoints" name="test_admin_verify_transaction" time="0.540" /><testcase classname="tests.test_bank_transfer.TestBankTransferEndpoints" name="test_admin_reject_transaction" time="0.570" /><testcase classname="tests.test_bank_transfer.TestBankTransferEndpoints" name="test_admin_filter_transactions_by_status" time="0.592" /><testcase classname="tests.test_bank_transfer.TestBankTransferEndpoints" name="test_cannot_verify_success_transaction" time="0.535" /><testcase classname="tests.test_bank_transfer.TestBankTransferEndpoints" name="test_cannot_reject_success_transaction" time="0.586" /></testsuite></testsuites>