<?xml version="1.0" encoding="utf-8"?><testsuites name="pytest tests"><testsuite name="pytest" errors="0" failures="0" skipped="0" tests="10" time="94.899" timestamp="2026-03-09T14:12:08.421314+00:00" hostname="agent-env-9388e795-bfde-41a0-8d7a-d5bb800897c4"><testcase classname="backend.tests.test_chunked_soal.TestHealthEndpoint" name="test_health_endpoint" time="0.261" /><testcase classname="backend.tests.test_chunked_soal.TestAuthentication" name="test_login_and_get_token" time="0.372" /><testcase classname="backend.tests.test_chunked_soal.TestChunkedSoalGeneration" name="test_chunk_call_returns_only_result_html" time="5.998" /><testcase classname="backend.tests.test_chunked_soal.TestChunkedSoalGeneration" name="test_chunk_call_does_not_deduct_tokens" time="6.714" /><testcase classname="backend.tests.test_chunked_soal.TestChunkedSoalGeneration" name="test_save_endpoint_deducts_one_token" time="0.488" /><testcase classname="backend.tests.test_chunked_soal.TestChunkedSoalGeneration" name="test_non_pg_chunk_section" time="15.211" /><testcase classname="backend.tests.test_chunked_soal.TestChunkedSoalGeneration" name="test_pg_numbering_start" time="8.371" /><testcase classname="backend.tests.test_chunked_soal.TestNonChunkedGeneration" name="test_small_pg_does_not_use_chunking" time="13.731" /><testcase classname="backend.tests.test_chunked_soal.TestNonChunkedGeneration" name="test_modul_generation_works" time="23.549" /><testcase classname="backend.tests.test_chunked_soal.TestTokenBalanceVerification" name="test_single_generation_deducts_one_token" time="20.135" /></testsuite></testsuites>