<?xml version="1.0" encoding="utf-8"?><testsuites name="pytest tests"><testsuite name="pytest" errors="0" failures="0" skipped="0" tests="15" time="103.601" timestamp="2026-03-08T10:56:39.709461+00:00" hostname="agent-env-4897bca8-d996-485d-b4e6-04d9e98918eb"><testcase classname="test_modulai_api.TestHealthCheck" name="test_api_root" time="0.166" /><testcase classname="test_modulai_api.TestHealthCheck" name="test_health_endpoint" time="0.122" /><testcase classname="test_modulai_api.TestAdminAuth" name="test_admin_login_success" time="0.341" /><testcase classname="test_modulai_api.TestAdminAuth" name="test_admin_login_invalid_credentials" time="0.100" /><testcase classname="test_modulai_api.TestTokenPackages" name="test_get_packages" time="0.098" /><testcase classname="test_modulai_api.TestVoucherManagement" name="test_get_vouchers" time="0.443" /><testcase classname="test_modulai_api.TestVoucherManagement" name="test_create_voucher" time="0.105" /><testcase classname="test_modulai_api.TestVoucherManagement" name="test_voucher_toggle_status" time="0.403" /><testcase classname="test_modulai_api.TestVoucherManagement" name="test_delete_voucher" time="0.320" /><testcase classname="test_modulai_api.TestVoucherManagement" name="test_delete_nonexistent_voucher" time="0.105" /><testcase classname="test_modulai_api.TestDocumentGeneration" name="test_multi_document_generation" time="39.930" /><testcase classname="test_modulai_api.TestDocumentGeneration" name="test_modul_with_daftar_pustaka" time="28.447" /><testcase classname="test_modulai_api.TestDocumentGeneration" name="test_soal_format_questions_then_answers" time="31.598" /><testcase classname="test_modulai_api.TestAdminDashboard" name="test_admin_dashboard" time="0.480" /><testcase classname="test_modulai_api.TestAdminDashboard" name="test_admin_users_list" time="0.858" /></testsuite></testsuites>